c:\users\tobias\source\repos\tptad\tp tad\x64\debug\vc141.pdb
c:\users\tobias\source\repos\tptad\tp tad\x64\debug\vc141.idb
c:\users\tobias\source\repos\tptad\tp tad\x64\debug\vehiculo.obj
c:\users\tobias\source\repos\tptad\tp tad\x64\debug\funcionesmiscelaneas.obj
c:\users\tobias\source\repos\tptad\tp tad\x64\debug\error.obj
c:\users\tobias\source\repos\tptad\tp tad\x64\debug\duenio.obj
c:\users\tobias\source\repos\tptad\tp tad\x64\debug\consola.obj
c:\users\tobias\source\repos\tptad\tp tad\x64\debug\cochera.obj
c:\users\tobias\source\repos\tptad\tp tad\x64\debug\tp tad.obj
c:\users\tobias\source\repos\tptad\tp tad\x64\debug\garage.obj
c:\users\tobias\source\repos\tptad\tp tad\x64\debug\pch.obj
c:\users\tobias\source\repos\tptad\x64\debug\tp tad.exe
c:\users\tobias\source\repos\tptad\x64\debug\tp tad.ilk
c:\users\tobias\source\repos\tptad\x64\debug\tp tad.pdb
c:\users\tobias\source\repos\tptad\tp tad\x64\debug\tp tad.tlog\cl.command.1.tlog
c:\users\tobias\source\repos\tptad\tp tad\x64\debug\tp tad.tlog\cl.read.1.tlog
c:\users\tobias\source\repos\tptad\tp tad\x64\debug\tp tad.tlog\cl.write.1.tlog
c:\users\tobias\source\repos\tptad\tp tad\x64\debug\tp tad.tlog\link.command.1.tlog
c:\users\tobias\source\repos\tptad\tp tad\x64\debug\tp tad.tlog\link.read.1.tlog
c:\users\tobias\source\repos\tptad\tp tad\x64\debug\tp tad.tlog\link.write.1.tlog
